<?xml version="1.0" encoding="UTF-8"?>
<testsuite name="org.jbpm.task.performance.HTPerformanceTest" time="157.24" tests="2" errors="0" skipped="0" failures="1">
  <properties>
    <property name="java.runtime.name" value="Java(TM) SE Runtime Environment"/>
    <property name="sun.boot.library.path" value="/Library/Java/JavaVirtualMachines/jdk1.7.0_45.jdk/Contents/Home/jre/lib"/>
    <property name="java.vm.version" value="24.45-b08"/>
    <property name="user.country.format" value="GB"/>
    <property name="gopherProxySet" value="false"/>
    <property name="java.vm.vendor" value="Oracle Corporation"/>
    <property name="java.vendor.url" value="http://java.oracle.com/"/>
    <property name="path.separator" value=":"/>
    <property name="guice.disable.misplaced.annotation.check" value="true"/>
    <property name="java.vm.name" value="Java HotSpot(TM) 64-Bit Server VM"/>
    <property name="file.encoding.pkg" value="sun.io"/>
    <property name="user.country" value="US"/>
    <property name="sun.java.launcher" value="SUN_STANDARD"/>
    <property name="sun.os.patch.level" value="unknown"/>
    <property name="java.vm.specification.name" value="Java Virtual Machine Specification"/>
    <property name="user.dir" value="/Users/salaboy/Projects/jbpm/jbpm-human-task/jbpm-human-task-performance"/>
    <property name="java.runtime.version" value="1.7.0_45-b18"/>
    <property name="java.awt.graphicsenv" value="sun.awt.CGraphicsEnvironment"/>
    <property name="java.endorsed.dirs" value="/Library/Java/JavaVirtualMachines/jdk1.7.0_45.jdk/Contents/Home/jre/lib/endorsed"/>
    <property name="os.arch" value="x86_64"/>
    <property name="java.io.tmpdir" value="/var/folders/kn/mky5zlq96w1g38zt39p_58740000gn/T/"/>
    <property name="line.separator" value="&#10;"/>
    <property name="java.vm.specification.vendor" value="Oracle Corporation"/>
    <property name="os.name" value="Mac OS X"/>
    <property name="maven.ext.class.path" value="/Applications/NetBeans/NetBeans 8.0.app/Contents/Resources/NetBeans/java/maven-nblib/netbeans-eventspy.jar"/>
    <property name="classworlds.conf" value="/Applications/NetBeans/NetBeans 8.0.app/Contents/Resources/NetBeans/java/maven/bin/m2.conf"/>
    <property name="sun.jnu.encoding" value="UTF-8"/>
    <property name="java.library.path" value="/Applications/NetBeans/NetBeans 8.0.app/Contents/Resources/NetBeans/webcommon/bin::/Users/salaboy/Library/Java/Extensions:/Library/Java/Extensions:/Network/Library/Java/Extensions:/System/Library/Java/Extensions:/usr/lib/java:."/>
    <property name="java.specification.name" value="Java Platform API Specification"/>
    <property name="java.class.version" value="51.0"/>
    <property name="sun.management.compiler" value="HotSpot 64-Bit Tiered Compilers"/>
    <property name="os.version" value="10.9.2"/>
    <property name="http.nonProxyHosts" value="local|*.local|169.254/16|*.169.254/16"/>
    <property name="user.home" value="/Users/salaboy"/>
    <property name="user.timezone" value="Europe/London"/>
    <property name="java.awt.printerjob" value="sun.lwawt.macosx.CPrinterJob"/>
    <property name="java.specification.version" value="1.7"/>
    <property name="file.encoding" value="UTF-8"/>
    <property name="user.name" value="salaboy"/>
    <property name="java.class.path" value="/Applications/NetBeans/NetBeans 8.0.app/Contents/Resources/NetBeans/java/maven/boot/plexus-classworlds-2.4.jar"/>
    <property name="java.vm.specification.version" value="1.7"/>
    <property name="sun.arch.data.model" value="64"/>
    <property name="java.home" value="/Library/Java/JavaVirtualMachines/jdk1.7.0_45.jdk/Contents/Home/jre"/>
    <property name="sun.java.command" value="org.codehaus.plexus.classworlds.launcher.Launcher -Dmaven.ext.class.path=/Applications/NetBeans/NetBeans 8.0.app/Contents/Resources/NetBeans/java/maven-nblib/netbeans-eventspy.jar clean install"/>
    <property name="java.specification.vendor" value="Oracle Corporation"/>
    <property name="user.language" value="en"/>
    <property name="awt.toolkit" value="sun.lwawt.macosx.LWCToolkit"/>
    <property name="java.vm.info" value="mixed mode"/>
    <property name="java.version" value="1.7.0_45"/>
    <property name="java.ext.dirs" value="/Users/salaboy/Library/Java/Extensions:/Library/Java/JavaVirtualMachines/jdk1.7.0_45.jdk/Contents/Home/jre/lib/ext:/Library/Java/Extensions:/Network/Library/Java/Extensions:/System/Library/Java/Extensions:/usr/lib/java"/>
    <property name="sun.boot.class.path" value="/Library/Java/JavaVirtualMachines/jdk1.7.0_45.jdk/Contents/Home/jre/lib/resources.jar:/Library/Java/JavaVirtualMachines/jdk1.7.0_45.jdk/Contents/Home/jre/lib/rt.jar:/Library/Java/JavaVirtualMachines/jdk1.7.0_45.jdk/Contents/Home/jre/lib/sunrsasign.jar:/Library/Java/JavaVirtualMachines/jdk1.7.0_45.jdk/Contents/Home/jre/lib/jsse.jar:/Library/Java/JavaVirtualMachines/jdk1.7.0_45.jdk/Contents/Home/jre/lib/jce.jar:/Library/Java/JavaVirtualMachines/jdk1.7.0_45.jdk/Contents/Home/jre/lib/charsets.jar:/Library/Java/JavaVirtualMachines/jdk1.7.0_45.jdk/Contents/Home/jre/lib/jfr.jar:/Library/Java/JavaVirtualMachines/jdk1.7.0_45.jdk/Contents/Home/jre/lib/JObjC.jar:/Library/Java/JavaVirtualMachines/jdk1.7.0_45.jdk/Contents/Home/jre/classes"/>
    <property name="java.vendor" value="Oracle Corporation"/>
    <property name="maven.home" value="/Applications/NetBeans/NetBeans 8.0.app/Contents/Resources/NetBeans/java/maven"/>
    <property name="file.separator" value="/"/>
    <property name="java.vendor.url.bug" value="http://bugreport.sun.com/bugreport/"/>
    <property name="sun.cpu.endian" value="little"/>
    <property name="sun.io.unicode.encoding" value="UnicodeBig"/>
    <property name="socksNonProxyHosts" value="local|*.local|169.254/16|*.169.254/16"/>
    <property name="ftp.nonProxyHosts" value="local|*.local|169.254/16|*.169.254/16"/>
    <property name="sun.cpu.isalist" value=""/>
  </properties>
  <testcase name="testBasicUserTaskAddingAndQuering" classname="org.jbpm.task.performance.HTPerformanceTest" time="55.041">
    <failure message="expected:&lt;1000&gt; but was:&lt;0&gt;" type="java.lang.AssertionError"><![CDATA[java.lang.AssertionError: expected:<1000> but was:<0>
	at org.junit.Assert.fail(Assert.java:88)
	at org.junit.Assert.failNotEquals(Assert.java:743)
	at org.junit.Assert.assertEquals(Assert.java:118)
	at org.junit.Assert.assertEquals(Assert.java:555)
	at org.junit.Assert.assertEquals(Assert.java:542)
	at org.jbpm.task.performance.HTPerformanceBaseTest.testBasicUserTaskAddingAndQuering(HTPerformanceBaseTest.java:84)
	at sun.reflect.NativeMethodAccessorImpl.invoke0(Native Method)
	at sun.reflect.NativeMethodAccessorImpl.invoke(NativeMethodAccessorImpl.java:57)
	at sun.reflect.DelegatingMethodAccessorImpl.invoke(DelegatingMethodAccessorImpl.java:43)
	at java.lang.reflect.Method.invoke(Method.java:606)
	at org.junit.runners.model.FrameworkMethod$1.runReflectiveCall(FrameworkMethod.java:47)
	at org.junit.internal.runners.model.ReflectiveCallable.run(ReflectiveCallable.java:12)
	at org.junit.runners.model.FrameworkMethod.invokeExplosively(FrameworkMethod.java:44)
	at org.junit.internal.runners.statements.InvokeMethod.evaluate(InvokeMethod.java:17)
	at org.junit.internal.runners.statements.RunBefores.evaluate(RunBefores.java:26)
	at org.junit.internal.runners.statements.RunAfters.evaluate(RunAfters.java:27)
	at org.junit.runners.ParentRunner.runLeaf(ParentRunner.java:271)
	at org.junit.runners.BlockJUnit4ClassRunner.runChild(BlockJUnit4ClassRunner.java:70)
	at org.junit.runners.BlockJUnit4ClassRunner.runChild(BlockJUnit4ClassRunner.java:50)
	at org.junit.runners.ParentRunner$3.run(ParentRunner.java:238)
	at org.junit.runners.ParentRunner$1.schedule(ParentRunner.java:63)
	at org.junit.runners.ParentRunner.runChildren(ParentRunner.java:236)
	at org.junit.runners.ParentRunner.access$000(ParentRunner.java:53)
	at org.junit.runners.ParentRunner$2.evaluate(ParentRunner.java:229)
	at org.junit.runners.ParentRunner.run(ParentRunner.java:309)
	at org.apache.maven.surefire.junit4.JUnit4Provider.execute(JUnit4Provider.java:264)
	at org.apache.maven.surefire.junit4.JUnit4Provider.executeTestSet(JUnit4Provider.java:153)
	at org.apache.maven.surefire.junit4.JUnit4Provider.invoke(JUnit4Provider.java:124)
	at org.apache.maven.surefire.booter.ForkedBooter.invokeProviderInSameClassLoader(ForkedBooter.java:200)
	at org.apache.maven.surefire.booter.ForkedBooter.runSuitesInProcess(ForkedBooter.java:153)
	at org.apache.maven.surefire.booter.ForkedBooter.main(ForkedBooter.java:103)
]]></failure>
    <system-out>2014-05-06 14:45:46,332 [main] ERROR HHH000389: Unsuccessful: alter table Attachment drop constraint FK_7ndpfa311i50bq7hy18q05va3
2014-05-06 14:45:46,339 [main] ERROR Table "ATTACHMENT" not found; SQL statement:
alter table Attachment drop constraint FK_7ndpfa311i50bq7hy18q05va3 [42102-168]
2014-05-06 14:45:46,340 [main] ERROR HHH000389: Unsuccessful: alter table Attachment drop constraint FK_hqupx569krp0f0sgu9kh87513
2014-05-06 14:45:46,340 [main] ERROR Table "ATTACHMENT" not found; SQL statement:
alter table Attachment drop constraint FK_hqupx569krp0f0sgu9kh87513 [42102-168]
2014-05-06 14:45:46,341 [main] ERROR HHH000389: Unsuccessful: alter table BooleanExpression drop constraint FK_394nf2qoc0k9ok6omgd6jtpso
2014-05-06 14:45:46,341 [main] ERROR Table "BOOLEANEXPRESSION" not found; SQL statement:
alter table BooleanExpression drop constraint FK_394nf2qoc0k9ok6omgd6jtpso [42102-168]
2014-05-06 14:45:46,342 [main] ERROR HHH000389: Unsuccessful: alter table Deadline drop constraint FK_68w742sge00vco2cq3jhbvmgx
2014-05-06 14:45:46,342 [main] ERROR Table "DEADLINE" not found; SQL statement:
alter table Deadline drop constraint FK_68w742sge00vco2cq3jhbvmgx [42102-168]
2014-05-06 14:45:46,342 [main] ERROR HHH000389: Unsuccessful: alter table Deadline drop constraint FK_euoohoelbqvv94d8a8rcg8s5n
2014-05-06 14:45:46,342 [main] ERROR Table "DEADLINE" not found; SQL statement:
alter table Deadline drop constraint FK_euoohoelbqvv94d8a8rcg8s5n [42102-168]
2014-05-06 14:45:46,343 [main] ERROR HHH000389: Unsuccessful: alter table Delegation_delegates drop constraint FK_gn7ula51sk55wj1o1m57guqxb
2014-05-06 14:45:46,343 [main] ERROR Table "DELEGATION_DELEGATES" not found; SQL statement:
alter table Delegation_delegates drop constraint FK_gn7ula51sk55wj1o1m57guqxb [42102-168]
2014-05-06 14:45:46,343 [main] ERROR HHH000389: Unsuccessful: alter table Delegation_delegates drop constraint FK_fajq6kossbsqwr3opkrctxei3
2014-05-06 14:45:46,343 [main] ERROR Table "DELEGATION_DELEGATES" not found; SQL statement:
alter table Delegation_delegates drop constraint FK_fajq6kossbsqwr3opkrctxei3 [42102-168]
2014-05-06 14:45:46,344 [main] ERROR HHH000389: Unsuccessful: alter table Escalation drop constraint FK_ay2gd4fvl9yaapviyxudwuvfg
2014-05-06 14:45:46,345 [main] ERROR Table "ESCALATION" not found; SQL statement:
alter table Escalation drop constraint FK_ay2gd4fvl9yaapviyxudwuvfg [42102-168]
2014-05-06 14:45:46,346 [main] ERROR HHH000389: Unsuccessful: alter table I18NText drop constraint FK_k16jpgrh67ti9uedf6konsu1p
2014-05-06 14:45:46,347 [main] ERROR Table "I18NTEXT" not found; SQL statement:
alter table I18NText drop constraint FK_k16jpgrh67ti9uedf6konsu1p [42102-168]
2014-05-06 14:45:46,347 [main] ERROR HHH000389: Unsuccessful: alter table I18NText drop constraint FK_fd9uk6hemv2dx1ojovo7ms3vp
2014-05-06 14:45:46,348 [main] ERROR Table "I18NTEXT" not found; SQL statement:
alter table I18NText drop constraint FK_fd9uk6hemv2dx1ojovo7ms3vp [42102-168]
2014-05-06 14:45:46,350 [main] ERROR HHH000389: Unsuccessful: alter table I18NText drop constraint FK_4eyfp69ucrron2hr7qx4np2fp
2014-05-06 14:45:46,350 [main] ERROR Table "I18NTEXT" not found; SQL statement:
alter table I18NText drop constraint FK_4eyfp69ucrron2hr7qx4np2fp [42102-168]
2014-05-06 14:45:46,350 [main] ERROR HHH000389: Unsuccessful: alter table I18NText drop constraint FK_pqarjvvnwfjpeyb87yd7m0bfi
2014-05-06 14:45:46,351 [main] ERROR Table "I18NTEXT" not found; SQL statement:
alter table I18NText drop constraint FK_pqarjvvnwfjpeyb87yd7m0bfi [42102-168]
2014-05-06 14:45:46,351 [main] ERROR HHH000389: Unsuccessful: alter table I18NText drop constraint FK_o84rkh69r47ti8uv4eyj7bmo2
2014-05-06 14:45:46,351 [main] ERROR Table "I18NTEXT" not found; SQL statement:
alter table I18NText drop constraint FK_o84rkh69r47ti8uv4eyj7bmo2 [42102-168]
2014-05-06 14:45:46,352 [main] ERROR HHH000389: Unsuccessful: alter table I18NText drop constraint FK_g1trxri8w64enudw2t1qahhk5
2014-05-06 14:45:46,352 [main] ERROR Table "I18NTEXT" not found; SQL statement:
alter table I18NText drop constraint FK_g1trxri8w64enudw2t1qahhk5 [42102-168]
2014-05-06 14:45:46,352 [main] ERROR HHH000389: Unsuccessful: alter table I18NText drop constraint FK_qoce92c70adem3ccb3i7lec8x
2014-05-06 14:45:46,352 [main] ERROR Table "I18NTEXT" not found; SQL statement:
alter table I18NText drop constraint FK_qoce92c70adem3ccb3i7lec8x [42102-168]
2014-05-06 14:45:46,353 [main] ERROR HHH000389: Unsuccessful: alter table I18NText drop constraint FK_bw8vmpekejxt1ei2ge26gdsry
2014-05-06 14:45:46,354 [main] ERROR Table "I18NTEXT" not found; SQL statement:
alter table I18NText drop constraint FK_bw8vmpekejxt1ei2ge26gdsry [42102-168]
2014-05-06 14:45:46,354 [main] ERROR HHH000389: Unsuccessful: alter table I18NText drop constraint FK_21qvifarxsvuxeaw5sxwh473w
2014-05-06 14:45:46,354 [main] ERROR Table "I18NTEXT" not found; SQL statement:
alter table I18NText drop constraint FK_21qvifarxsvuxeaw5sxwh473w [42102-168]
2014-05-06 14:45:46,354 [main] ERROR HHH000389: Unsuccessful: alter table Notification drop constraint FK_bdbeml3768go5im41cgfpyso9
2014-05-06 14:45:46,355 [main] ERROR Table "NOTIFICATION" not found; SQL statement:
alter table Notification drop constraint FK_bdbeml3768go5im41cgfpyso9 [42102-168]
2014-05-06 14:45:46,355 [main] ERROR HHH000389: Unsuccessful: alter table Notification_BAs drop constraint FK_mfbsnbrhth4rjhqc2ud338s4i
2014-05-06 14:45:46,355 [main] ERROR Table "NOTIFICATION_BAS" not found; SQL statement:
alter table Notification_BAs drop constraint FK_mfbsnbrhth4rjhqc2ud338s4i [42102-168]
2014-05-06 14:45:46,356 [main] ERROR HHH000389: Unsuccessful: alter table Notification_BAs drop constraint FK_fc0uuy76t2bvxaxqysoo8xts7
2014-05-06 14:45:46,356 [main] ERROR Table "NOTIFICATION_BAS" not found; SQL statement:
alter table Notification_BAs drop constraint FK_fc0uuy76t2bvxaxqysoo8xts7 [42102-168]
2014-05-06 14:45:46,356 [main] ERROR HHH000389: Unsuccessful: alter table Notification_Recipients drop constraint FK_blf9jsrumtrthdaqnpwxt25eu
2014-05-06 14:45:46,356 [main] ERROR Table "NOTIFICATION_RECIPIENTS" not found; SQL statement:
alter table Notification_Recipients drop constraint FK_blf9jsrumtrthdaqnpwxt25eu [42102-168]
2014-05-06 14:45:46,357 [main] ERROR HHH000389: Unsuccessful: alter table Notification_Recipients drop constraint FK_3l244pj8sh78vtn9imaymrg47
2014-05-06 14:45:46,358 [main] ERROR Table "NOTIFICATION_RECIPIENTS" not found; SQL statement:
alter table Notification_Recipients drop constraint FK_3l244pj8sh78vtn9imaymrg47 [42102-168]
2014-05-06 14:45:46,359 [main] ERROR HHH000389: Unsuccessful: alter table Notification_email_header drop constraint FK_ptaka5kost68h7l3wflv7w6y8
2014-05-06 14:45:46,360 [main] ERROR Table "NOTIFICATION_EMAIL_HEADER" not found; SQL statement:
alter table Notification_email_header drop constraint FK_ptaka5kost68h7l3wflv7w6y8 [42102-168]
2014-05-06 14:45:46,361 [main] ERROR HHH000389: Unsuccessful: alter table Notification_email_header drop constraint FK_eth4nvxn21fk1vnju85vkjrai
2014-05-06 14:45:46,361 [main] ERROR Table "NOTIFICATION_EMAIL_HEADER" not found; SQL statement:
alter table Notification_email_header drop constraint FK_eth4nvxn21fk1vnju85vkjrai [42102-168]
2014-05-06 14:45:46,363 [main] ERROR HHH000389: Unsuccessful: alter table PeopleAssignments_BAs drop constraint FK_t38xbkrq6cppifnxequhvjsl2
2014-05-06 14:45:46,363 [main] ERROR Table "PEOPLEASSIGNMENTS_BAS" not found; SQL statement:
alter table PeopleAssignments_BAs drop constraint FK_t38xbkrq6cppifnxequhvjsl2 [42102-168]
2014-05-06 14:45:46,364 [main] ERROR HHH000389: Unsuccessful: alter table PeopleAssignments_BAs drop constraint FK_omjg5qh7uv8e9bolbaq7hv6oh
2014-05-06 14:45:46,368 [main] ERROR Table "PEOPLEASSIGNMENTS_BAS" not found; SQL statement:
alter table PeopleAssignments_BAs drop constraint FK_omjg5qh7uv8e9bolbaq7hv6oh [42102-168]
2014-05-06 14:45:46,371 [main] ERROR HHH000389: Unsuccessful: alter table PeopleAssignments_ExclOwners drop constraint FK_pth28a73rj6bxtlfc69kmqo0a
2014-05-06 14:45:46,372 [main] ERROR Table "PEOPLEASSIGNMENTS_EXCLOWNERS" not found; SQL statement:
alter table PeopleAssignments_ExclOwners drop constraint FK_pth28a73rj6bxtlfc69kmqo0a [42102-168]
2014-05-06 14:45:46,373 [main] ERROR HHH000389: Unsuccessful: alter table PeopleAssignments_ExclOwners drop constraint FK_b8owuxfrdng050ugpk0pdowa7
2014-05-06 14:45:46,373 [main] ERROR Table "PEOPLEASSIGNMENTS_EXCLOWNERS" not found; SQL statement:
alter table PeopleAssignments_ExclOwners drop constraint FK_b8owuxfrdng050ugpk0pdowa7 [42102-168]
2014-05-06 14:45:46,374 [main] ERROR HHH000389: Unsuccessful: alter table PeopleAssignments_PotOwners drop constraint FK_tee3ftir7xs6eo3fdvi3xw026
2014-05-06 14:45:46,375 [main] ERROR Table "PEOPLEASSIGNMENTS_POTOWNERS" not found; SQL statement:
alter table PeopleAssignments_PotOwners drop constraint FK_tee3ftir7xs6eo3fdvi3xw026 [42102-168]
2014-05-06 14:45:46,375 [main] ERROR HHH000389: Unsuccessful: alter table PeopleAssignments_PotOwners drop constraint FK_4dv2oji7pr35ru0w45trix02x
2014-05-06 14:45:46,376 [main] ERROR Table "PEOPLEASSIGNMENTS_POTOWNERS" not found; SQL statement:
alter table PeopleAssignments_PotOwners drop constraint FK_4dv2oji7pr35ru0w45trix02x [42102-168]
2014-05-06 14:45:46,376 [main] ERROR HHH000389: Unsuccessful: alter table PeopleAssignments_Recipients drop constraint FK_4g7y3wx6gnokf6vycgpxs83d6
2014-05-06 14:45:46,377 [main] ERROR Table "PEOPLEASSIGNMENTS_RECIPIENTS" not found; SQL statement:
alter table PeopleAssignments_Recipients drop constraint FK_4g7y3wx6gnokf6vycgpxs83d6 [42102-168]
2014-05-06 14:45:46,378 [main] ERROR HHH000389: Unsuccessful: alter table PeopleAssignments_Recipients drop constraint FK_enhk831fghf6akjilfn58okl4
2014-05-06 14:45:46,378 [main] ERROR Table "PEOPLEASSIGNMENTS_RECIPIENTS" not found; SQL statement:
alter table PeopleAssignments_Recipients drop constraint FK_enhk831fghf6akjilfn58okl4 [42102-168]
2014-05-06 14:45:46,379 [main] ERROR HHH000389: Unsuccessful: alter table PeopleAssignments_Stakeholders drop constraint FK_met63inaep6cq4ofb3nnxi4tm
2014-05-06 14:45:46,379 [main] ERROR Table "PEOPLEASSIGNMENTS_STAKEHOLDERS" not found; SQL statement:
alter table PeopleAssignments_Stakeholders drop constraint FK_met63inaep6cq4ofb3nnxi4tm [42102-168]
2014-05-06 14:45:46,380 [main] ERROR HHH000389: Unsuccessful: alter table PeopleAssignments_Stakeholders drop constraint FK_4bh3ay74x6ql9usunubttfdf1
2014-05-06 14:45:46,380 [main] ERROR Table "PEOPLEASSIGNMENTS_STAKEHOLDERS" not found; SQL statement:
alter table PeopleAssignments_Stakeholders drop constraint FK_4bh3ay74x6ql9usunubttfdf1 [42102-168]
2014-05-06 14:45:46,380 [main] ERROR HHH000389: Unsuccessful: alter table Reassignment drop constraint FK_pnpeue9hs6kx2ep0sp16b6kfd
2014-05-06 14:45:46,381 [main] ERROR Table "REASSIGNMENT" not found; SQL statement:
alter table Reassignment drop constraint FK_pnpeue9hs6kx2ep0sp16b6kfd [42102-168]
2014-05-06 14:45:46,381 [main] ERROR HHH000389: Unsuccessful: alter table Reassignment_potentialOwners drop constraint FK_8frl6la7tgparlnukhp8xmody
2014-05-06 14:45:46,387 [main] ERROR Table "REASSIGNMENT_POTENTIALOWNERS" not found; SQL statement:
alter table Reassignment_potentialOwners drop constraint FK_8frl6la7tgparlnukhp8xmody [42102-168]
2014-05-06 14:45:46,388 [main] ERROR HHH000389: Unsuccessful: alter table Reassignment_potentialOwners drop constraint FK_qbega5ncu6b9yigwlw55aeijn
2014-05-06 14:45:46,389 [main] ERROR Table "REASSIGNMENT_POTENTIALOWNERS" not found; SQL statement:
alter table Reassignment_potentialOwners drop constraint FK_qbega5ncu6b9yigwlw55aeijn [42102-168]
2014-05-06 14:45:46,389 [main] ERROR HHH000389: Unsuccessful: alter table Task drop constraint FK_dpk0f9ucm14c78bsxthh7h8yh
2014-05-06 14:45:46,390 [main] ERROR Table "TASK" not found; SQL statement:
alter table Task drop constraint FK_dpk0f9ucm14c78bsxthh7h8yh [42102-168]
2014-05-06 14:45:46,391 [main] ERROR HHH000389: Unsuccessful: alter table Task drop constraint FK_nh9nnt47f3l61qjlyedqt05rf
2014-05-06 14:45:46,392 [main] ERROR Table "TASK" not found; SQL statement:
alter table Task drop constraint FK_nh9nnt47f3l61qjlyedqt05rf [42102-168]
2014-05-06 14:45:46,392 [main] ERROR HHH000389: Unsuccessful: alter table Task drop constraint FK_k02og0u71obf1uxgcdjx9rcjc
2014-05-06 14:45:46,392 [main] ERROR Table "TASK" not found; SQL statement:
alter table Task drop constraint FK_k02og0u71obf1uxgcdjx9rcjc [42102-168]
2014-05-06 14:45:46,393 [main] ERROR HHH000389: Unsuccessful: alter table task_comment drop constraint FK_aax378yjnsmw9kb9vsu994jjv
2014-05-06 14:45:46,393 [main] ERROR Table "TASK_COMMENT" not found; SQL statement:
alter table task_comment drop constraint FK_aax378yjnsmw9kb9vsu994jjv [42102-168]
2014-05-06 14:45:46,393 [main] ERROR HHH000389: Unsuccessful: alter table task_comment drop constraint FK_1ws9jdmhtey6mxu7jb0r0ufvs
2014-05-06 14:45:46,393 [main] ERROR Table "TASK_COMMENT" not found; SQL statement:
alter table task_comment drop constraint FK_1ws9jdmhtey6mxu7jb0r0ufvs [42102-168]
Starting testBasicUserTaskAddingAndQuering ...
Adding 1000 tasks....
Finish Adding tasks....15.172
Adding 1000 tasks....
Finish Adding tasks....4.445
Adding 1000 tasks....
Finish Adding tasks....3.079
Adding 1000 tasks....
Finish Adding tasks....3.777
Adding 1000 tasks....
Finish Adding tasks....2.45
Adding 1000 tasks....
Finish Adding tasks....4.676
Adding 1000 tasks....
Finish Adding tasks....2.498
Adding 1000 tasks....
Finish Adding tasks....2.179
Adding 1000 tasks....
Finish Adding tasks....2.391
Adding 1000 tasks....
Finish Adding tasks....2.427
Querying tasks....
Finishing query tasks (Page 0)....1.906
Querying tasks....
Finishing query tasks (Page 1000)....0.724
Querying tasks....
Finishing query tasks (Page 2000)....0.164
Querying tasks....
Finishing query tasks (Page 3000)....0.175
Querying tasks....
Finishing query tasks (Page 4000)....0.16
Querying tasks....
Finishing query tasks (Page 5000)....0.145
Querying tasks....
Finishing query tasks (Page 6000)....0.13
Querying tasks....
Finishing query tasks (Page 7000)....0.127
Querying tasks....
Finishing query tasks (Page 8000)....0.127
Querying tasks....
Finishing query tasks (Page 9000)....0.194
Querying tasks....
Finishing query tasks (Page 10000)....0.139
</system-out>
  </testcase>
  <testcase name="testBasicGroupTaskAddingAndQueringAndClaimingSimple" classname="org.jbpm.task.performance.HTPerformanceTest" time="102.199"/>
</testsuite>